C:\simpletalk\AngularFirstSteps\AngularFirstSteps\dist\out-tsc\src\app\app-routing.module.js
C:\simpletalk\AngularFirstSteps\AngularFirstSteps\dist\out-tsc\src\app\app-routing.module.js.map
C:\simpletalk\AngularFirstSteps\AngularFirstSteps\dist\out-tsc\src\app\notes-service.service.js
C:\simpletalk\AngularFirstSteps\AngularFirstSteps\dist\out-tsc\src\app\notes-service.service.js.map
C:\simpletalk\AngularFirstSteps\AngularFirstSteps\dist\out-tsc\src\app\app.component.js
C:\simpletalk\AngularFirstSteps\AngularFirstSteps\dist\out-tsc\src\app\app.component.js.map
C:\simpletalk\AngularFirstSteps\AngularFirstSteps\dist\out-tsc\src\app\notes-listing\notes-listing.component.js
C:\simpletalk\AngularFirstSteps\AngularFirstSteps\dist\out-tsc\src\app\notes-listing\notes-listing.component.js.map
C:\simpletalk\AngularFirstSteps\AngularFirstSteps\dist\out-tsc\src\app\add-update-notes\add-update-notes.component.js
C:\simpletalk\AngularFirstSteps\AngularFirstSteps\dist\out-tsc\src\app\add-update-notes\add-update-notes.component.js.map
C:\simpletalk\AngularFirstSteps\AngularFirstSteps\dist\out-tsc\src\app\app.module.js
C:\simpletalk\AngularFirstSteps\AngularFirstSteps\dist\out-tsc\src\app\app.module.js.map
C:\simpletalk\AngularFirstSteps\AngularFirstSteps\dist\out-tsc\src\environments\environment.js
C:\simpletalk\AngularFirstSteps\AngularFirstSteps\dist\out-tsc\src\environments\environment.js.map
C:\simpletalk\AngularFirstSteps\AngularFirstSteps\dist\out-tsc\src\main.js
C:\simpletalk\AngularFirstSteps\AngularFirstSteps\dist\out-tsc\src\main.js.map
C:\simpletalk\AngularFirstSteps\AngularFirstSteps\dist\out-tsc\src\polyfills.js
C:\simpletalk\AngularFirstSteps\AngularFirstSteps\dist\out-tsc\src\polyfills.js.map
C:\simpletalk\AngularFirstSteps\AngularFirstSteps\dist\out-tsc\src\test.js
C:\simpletalk\AngularFirstSteps\AngularFirstSteps\dist\out-tsc\src\test.js.map
C:\simpletalk\AngularFirstSteps\AngularFirstSteps\dist\out-tsc\e2e\src\app.po.js
C:\simpletalk\AngularFirstSteps\AngularFirstSteps\dist\out-tsc\e2e\src\app.po.js.map
C:\simpletalk\AngularFirstSteps\AngularFirstSteps\dist\out-tsc\e2e\src\app.e2e-spec.js
C:\simpletalk\AngularFirstSteps\AngularFirstSteps\dist\out-tsc\e2e\src\app.e2e-spec.js.map
C:\simpletalk\AngularFirstSteps\AngularFirstSteps\dist\out-tsc\src\app\app.component.spec.js
C:\simpletalk\AngularFirstSteps\AngularFirstSteps\dist\out-tsc\src\app\app.component.spec.js.map
C:\simpletalk\AngularFirstSteps\AngularFirstSteps\dist\out-tsc\src\app\notes-service.service.spec.js
C:\simpletalk\AngularFirstSteps\AngularFirstSteps\dist\out-tsc\src\app\notes-service.service.spec.js.map
C:\simpletalk\AngularFirstSteps\AngularFirstSteps\dist\out-tsc\src\environments\environment.prod.js
C:\simpletalk\AngularFirstSteps\AngularFirstSteps\dist\out-tsc\src\environments\environment.prod.js.map
C:\simpletalk\AngularFirstSteps\AngularFirstSteps\dist\out-tsc\src\app\add-update-notes\add-update-notes.component.spec.js
C:\simpletalk\AngularFirstSteps\AngularFirstSteps\dist\out-tsc\src\app\add-update-notes\add-update-notes.component.spec.js.map
C:\simpletalk\AngularFirstSteps\AngularFirstSteps\dist\out-tsc\src\app\notes-listing\notes-listing.component.spec.js
C:\simpletalk\AngularFirstSteps\AngularFirstSteps\dist\out-tsc\src\app\notes-listing\notes-listing.component.spec.js.map
